<?xml version="1.0" encoding="UTF-8"?>
<urlset xmlns="http://www.sitemaps.org/schemas/sitemap/0.9" xmlns:news="http://www.google.com/schemas/sitemap-news/0.9" xmlns:xhtml="http://www.w3.org/1999/xhtml" xmlns:mobile="http://www.google.com/schemas/sitemap-mobile/1.0" xmlns:image="http://www.google.com/schemas/sitemap-image/1.1">
  <url>
    <loc>https://true.example.com/</loc>
    <changefreq>weekly</changefreq>
    <priority>0.7</priority>
    <xhtml:link rel="alternate" hreflang="fr" href="https://true.example.com/"/>
    <xhtml:link rel="alternate" hreflang="en" href="https://true.example.com/en/"/>
  </url>
  <url>
    <loc>https://true.example.com/agence/</loc>
    <changefreq>weekly</changefreq>
    <priority>0.7</priority>
    <xhtml:link rel="alternate" hreflang="fr" href="https://true.example.com/agence/"/>
    <xhtml:link rel="alternate" hreflang="en" href="https://true.example.com/agency/"/>
  </url>
</urlset>
